\BOOKMARK [0][-]{chapter.1}{Einleitung}{}% 1
\BOOKMARK [1][-]{section.1.1}{Motivation}{chapter.1}% 2
\BOOKMARK [1][-]{section.1.2}{Zielsetzung}{chapter.1}% 3
\BOOKMARK [1][-]{section.1.3}{Vorgehensweise}{chapter.1}% 4
\BOOKMARK [0][-]{chapter.2}{Grundlagen}{}% 5
\BOOKMARK [1][-]{section.2.1}{Modellgetriebene Softwareentwicklung}{chapter.2}% 6
\BOOKMARK [2][-]{subsection.2.1.1}{Modellierungssprachen}{section.2.1}% 7
\BOOKMARK [2][-]{subsection.2.1.2}{Modelltransformation}{section.2.1}% 8
\BOOKMARK [1][-]{section.2.2}{UML-Profil f\374r das Domain-driven Design}{chapter.2}% 9
\BOOKMARK [2][-]{subsection.2.2.1}{Domain-driven Design}{section.2.2}% 10
\BOOKMARK [2][-]{subsection.2.2.2}{Eclipse Papyrus und UML-Profile}{section.2.2}% 11
\BOOKMARK [2][-]{subsection.2.2.3}{UML-Profil zu Erstellung von Dom\344nenmodellen}{section.2.2}% 12
\BOOKMARK [1][-]{section.2.3}{AjiL Modeling Language}{chapter.2}% 13
\BOOKMARK [2][-]{subsection.2.3.1}{Der Microservice-Architekturstil}{section.2.3}% 14
\BOOKMARK [2][-]{subsection.2.3.2}{ECore}{section.2.3}% 15
\BOOKMARK [2][-]{subsection.2.3.3}{AjiL}{section.2.3}% 16
\BOOKMARK [0][-]{chapter.3}{Analyse der Anforderungen an die Transformation}{}% 17
\BOOKMARK [1][-]{section.3.1}{Stakeholder}{chapter.3}% 18
\BOOKMARK [1][-]{section.3.2}{Problemdom\344ne}{chapter.3}% 19
\BOOKMARK [1][-]{section.3.3}{Anforderungen}{chapter.3}% 20
\BOOKMARK [2][-]{subsection.3.3.1}{Funktionale Anforderungen}{section.3.3}% 21
\BOOKMARK [2][-]{subsection.3.3.2}{Qualit\344tsanforderungen}{section.3.3}% 22
\BOOKMARK [2][-]{subsection.3.3.3}{Randbedingungen}{section.3.3}% 23
\BOOKMARK [0][-]{chapter.4}{Konzept f\374r die Model-to-Model-Transformation}{}% 24
\BOOKMARK [1][-]{section.4.1}{Dezidierung von Microservices}{chapter.4}% 25
\BOOKMARK [1][-]{section.4.2}{Entities, Enumerations, Value Objects und SharedModels}{chapter.4}% 26
\BOOKMARK [2][-]{subsection.4.2.1}{Abstrakte Klassen und Generalisierungen}{section.4.2}% 27
\BOOKMARK [2][-]{subsection.4.2.2}{Assoziationen}{section.4.2}% 28
\BOOKMARK [1][-]{section.4.3}{Service und Repository Objekte als Schnittstellen}{chapter.4}% 29
\BOOKMARK [1][-]{section.4.4}{Umgang mit Aggregaten}{chapter.4}% 30
\BOOKMARK [1][-]{section.4.5}{Sonstige Transformationen}{chapter.4}% 31
\BOOKMARK [1][-]{section.4.6}{Tabellarischer \334berblick \374ber Regeln}{chapter.4}% 32
\BOOKMARK [0][-]{chapter.5}{Implementierung des Konzepts}{}% 33
\BOOKMARK [1][-]{section.5.1}{Auswahl eines geeigneten Transformationstools}{chapter.5}% 34
\BOOKMARK [2][-]{subsection.5.1.1}{Kriterien}{section.5.1}% 35
\BOOKMARK [2][-]{subsection.5.1.2}{Entscheidung}{section.5.1}% 36
\BOOKMARK [1][-]{section.5.2}{Atlas Transformation Language}{chapter.5}% 37
\BOOKMARK [2][-]{subsection.5.2.1}{Funktionsweise}{section.5.2}% 38
\BOOKMARK [2][-]{subsection.5.2.2}{Aufbau von Regeln}{section.5.2}% 39
\BOOKMARK [2][-]{subsection.5.2.3}{Aufbau von Helpern}{section.5.2}% 40
\BOOKMARK [1][-]{section.5.3}{Implementierung der Regeln}{chapter.5}% 41
\BOOKMARK [2][-]{subsection.5.3.1}{Traversierung des Eingabemodells}{section.5.3}% 42
\BOOKMARK [2][-]{subsection.5.3.2}{Nutzung von Traceability Links}{section.5.3}% 43
\BOOKMARK [2][-]{subsection.5.3.3}{Transformation von Shared Models}{section.5.3}% 44
\BOOKMARK [2][-]{subsection.5.3.4}{Erzeugung von Interfaces und Abilities}{section.5.3}% 45
\BOOKMARK [1][-]{section.5.4}{Ausf\374hrung}{chapter.5}% 46
\BOOKMARK [2][-]{subsection.5.4.1}{Ausf\374hrung als Standalone Jar}{section.5.4}% 47
\BOOKMARK [2][-]{subsection.5.4.2}{Einrichtung und Ausf\374hrung in Eclipse}{section.5.4}% 48
\BOOKMARK [1][-]{section.5.5}{Evaluation anhand eines Dom\344nenmodells aus der Praxis}{chapter.5}% 49
\BOOKMARK [0][-]{chapter.6}{Abschluss}{}% 50
\BOOKMARK [1][-]{section.6.1}{Zusammenfassung}{chapter.6}% 51
\BOOKMARK [1][-]{section.6.2}{Fazit}{chapter.6}% 52
\BOOKMARK [1][-]{section.6.3}{Ausblick}{chapter.6}% 53
\BOOKMARK [0][-]{section*.32}{Abk\374rzungsverzeichnis}{}% 54
\BOOKMARK [0][-]{section*.34}{Abbildungsverzeichnis}{}% 55
\BOOKMARK [0][-]{section*.35}{Tabellenverzeichnis}{}% 56
\BOOKMARK [0][-]{chapter*.36}{Quellcodeverzeichnis}{}% 57
\BOOKMARK [0][-]{chapter*.37}{Literaturverzeichnis}{}% 58
